<?xml version="1.0" encoding="UTF-8"?>
<testng-results skipped="0" failed="0" ignored="0" total="1" passed="1">
  <reporter-output>
  </reporter-output>
  <suite name="Default suite" duration-ms="131434" started-at="2018-02-22T10:15:46Z" finished-at="2018-02-22T10:17:58Z">
    <groups>
    </groups>
    <test name="Default test" duration-ms="131434" started-at="2018-02-22T10:15:46Z" finished-at="2018-02-22T10:17:58Z">
      <class name="gwtest.NewTest">
        <test-method status="PASS" signature="login()[pri:0, instance:gwtest.NewTest@1753acfe]" name="login" duration-ms="131396" started-at="2018-02-22T15:45:46Z" finished-at="2018-02-22T15:47:58Z">
          <reporter-output>
          </reporter-output>
        </test-method> <!-- login -->
      </class> <!-- gwtest.NewTest -->
    </test> <!-- Default test -->
  </suite> <!-- Default suite -->
</testng-results>
